<?xml version="1.0" encoding="UTF-8" standalone="no"?>
<company>
  <version>4.0.7</version>
  <type>2</type>
  <company-timezone>Asia/Yekaterinburg</company-timezone>
  <creation-time>1605669496447</creation-time>
  <company-tax-rate>0.0</company-tax-rate>
  <company-calendar-id>0</company-calendar-id>
  <task-field-list>
    <field>
      <no>0</no>
      <name>Вид</name>
    </field>
    <field>
      <no>1</no>
      <name>Тип</name>
    </field>
    <field>
      <no>2</no>
      <name>Формат</name>
    </field>
  </task-field-list>
  <resource-field-list/>
  <client-field-list/>
  <calendar-list>
    <calendar>
      <calendar-type>standard</calendar-type>
      <calendar-name>Стандарт</calendar-name>
      <calendar-id>0</calendar-id>
      <week-pattern-list>
        <pattern day-in-week="1">
          <period-in-day>
            <period-type>false</period-type>
            <period-start-date>0</period-start-date>
            <period-end-date>86400000</period-end-date>
          </period-in-day>
        </pattern>
        <pattern day-in-week="2">
          <period-in-day>
            <period-type>false</period-type>
            <period-start-date>0</period-start-date>
            <period-end-date>28800000</period-end-date>
          </period-in-day>
          <period-in-day>
            <period-type>true</period-type>
            <period-start-date>28800000</period-start-date>
            <period-end-date>43200000</period-end-date>
          </period-in-day>
          <period-in-day>
            <period-type>false</period-type>
            <period-start-date>43200000</period-start-date>
            <period-end-date>46800000</period-end-date>
          </period-in-day>
          <period-in-day>
            <period-type>true</period-type>
            <period-start-date>46800000</period-start-date>
            <period-end-date>61200000</period-end-date>
          </period-in-day>
          <period-in-day>
            <period-type>false</period-type>
            <period-start-date>61200000</period-start-date>
            <period-end-date>86400000</period-end-date>
          </period-in-day>
        </pattern>
        <pattern day-in-week="3">
          <period-in-day>
            <period-type>false</period-type>
            <period-start-date>0</period-start-date>
            <period-end-date>28800000</period-end-date>
          </period-in-day>
          <period-in-day>
            <period-type>true</period-type>
            <period-start-date>28800000</period-start-date>
            <period-end-date>43200000</period-end-date>
          </period-in-day>
          <period-in-day>
            <period-type>false</period-type>
            <period-start-date>43200000</period-start-date>
            <period-end-date>46800000</period-end-date>
          </period-in-day>
          <period-in-day>
            <period-type>true</period-type>
            <period-start-date>46800000</period-start-date>
            <period-end-date>61200000</period-end-date>
          </period-in-day>
          <period-in-day>
            <period-type>false</period-type>
            <period-start-date>61200000</period-start-date>
            <period-end-date>86400000</period-end-date>
          </period-in-day>
        </pattern>
        <pattern day-in-week="4">
          <period-in-day>
            <period-type>false</period-type>
            <period-start-date>0</period-start-date>
            <period-end-date>28800000</period-end-date>
          </period-in-day>
          <period-in-day>
            <period-type>true</period-type>
            <period-start-date>28800000</period-start-date>
            <period-end-date>43200000</period-end-date>
          </period-in-day>
          <period-in-day>
            <period-type>false</period-type>
            <period-start-date>43200000</period-start-date>
            <period-end-date>46800000</period-end-date>
          </period-in-day>
          <period-in-day>
            <period-type>true</period-type>
            <period-start-date>46800000</period-start-date>
            <period-end-date>61200000</period-end-date>
          </period-in-day>
          <period-in-day>
            <period-type>false</period-type>
            <period-start-date>61200000</period-start-date>
            <period-end-date>86400000</period-end-date>
          </period-in-day>
        </pattern>
        <pattern day-in-week="5">
          <period-in-day>
            <period-type>false</period-type>
            <period-start-date>0</period-start-date>
            <period-end-date>28800000</period-end-date>
          </period-in-day>
          <period-in-day>
            <period-type>true</period-type>
            <period-start-date>28800000</period-start-date>
            <period-end-date>43200000</period-end-date>
          </period-in-day>
          <period-in-day>
            <period-type>false</period-type>
            <period-start-date>43200000</period-start-date>
            <period-end-date>46800000</period-end-date>
          </period-in-day>
          <period-in-day>
            <period-type>true</period-type>
            <period-start-date>46800000</period-start-date>
            <period-end-date>61200000</period-end-date>
          </period-in-day>
          <period-in-day>
            <period-type>false</period-type>
            <period-start-date>61200000</period-start-date>
            <period-end-date>86400000</period-end-date>
          </period-in-day>
        </pattern>
        <pattern day-in-week="6">
          <period-in-day>
            <period-type>false</period-type>
            <period-start-date>0</period-start-date>
            <period-end-date>28800000</period-end-date>
          </period-in-day>
          <period-in-day>
            <period-type>true</period-type>
            <period-start-date>28800000</period-start-date>
            <period-end-date>43200000</period-end-date>
          </period-in-day>
          <period-in-day>
            <period-type>false</period-type>
            <period-start-date>43200000</period-start-date>
            <period-end-date>46800000</period-end-date>
          </period-in-day>
          <period-in-day>
            <period-type>true</period-type>
            <period-start-date>46800000</period-start-date>
            <period-end-date>61200000</period-end-date>
          </period-in-day>
          <period-in-day>
            <period-type>false</period-type>
            <period-start-date>61200000</period-start-date>
            <period-end-date>86400000</period-end-date>
          </period-in-day>
        </pattern>
        <pattern day-in-week="7">
          <period-in-day>
            <period-type>false</period-type>
            <period-start-date>0</period-start-date>
            <period-end-date>86400000</period-end-date>
          </period-in-day>
        </pattern>
      </week-pattern-list>
      <special-pattern-list/>
    </calendar>
    <calendar>
      <calendar-type>24-hours</calendar-type>
      <calendar-name>24-часа</calendar-name>
      <calendar-id>1</calendar-id>
      <week-pattern-list>
        <pattern day-in-week="1">
          <period-in-day>
            <period-type>true</period-type>
            <period-start-date>0</period-start-date>
            <period-end-date>86400000</period-end-date>
          </period-in-day>
        </pattern>
        <pattern day-in-week="2">
          <period-in-day>
            <period-type>true</period-type>
            <period-start-date>0</period-start-date>
            <period-end-date>86400000</period-end-date>
          </period-in-day>
        </pattern>
        <pattern day-in-week="3">
          <period-in-day>
            <period-type>true</period-type>
            <period-start-date>0</period-start-date>
            <period-end-date>86400000</period-end-date>
          </period-in-day>
        </pattern>
        <pattern day-in-week="4">
          <period-in-day>
            <period-type>true</period-type>
            <period-start-date>0</period-start-date>
            <period-end-date>86400000</period-end-date>
          </period-in-day>
        </pattern>
        <pattern day-in-week="5">
          <period-in-day>
            <period-type>true</period-type>
            <period-start-date>0</period-start-date>
            <period-end-date>86400000</period-end-date>
          </period-in-day>
        </pattern>
        <pattern day-in-week="6">
          <period-in-day>
            <period-type>true</period-type>
            <period-start-date>0</period-start-date>
            <period-end-date>86400000</period-end-date>
          </period-in-day>
        </pattern>
        <pattern day-in-week="7">
          <period-in-day>
            <period-type>true</period-type>
            <period-start-date>0</period-start-date>
            <period-end-date>86400000</period-end-date>
          </period-in-day>
        </pattern>
      </week-pattern-list>
      <special-pattern-list/>
    </calendar>
  </calendar-list>
  <resource-list>
    <human-resource-list/>
    <material-resource-list/>
    <cost-resource-list/>
  </resource-list>
  <client-list/>

  <task>
    <project>true</project>
    <pattern>
      <period-in-day>
        <period-type>false</period-type>
        <period-start-date>0</period-start-date>
        <period-end-date>28800000</period-end-date>
      </period-in-day>
      <period-in-day>
        <period-type>true</period-type>
        <period-start-date>28800000</period-start-date>
        <period-end-date>43200000</period-end-date>
      </period-in-day>
      <period-in-day>
        <period-type>false</period-type>
        <period-start-date>43200000</period-start-date>
        <period-end-date>86400000</period-end-date>
      </period-in-day>
    </pattern>
    <default-forced-working>false</default-forced-working>
    <default-work-driven>false</default-work-driven>
    <default-fixed-units>true</default-fixed-units>
    <task-status>In progress</task-status>
    <project-manager/>
    <project-code/>
    <project-budget>0.0</project-budget>
    <project-description/>
    <project-assumptions/>
    <project-constraints/>
    <project-baseline-list/>
    <project-critical-slack-limit>1</project-critical-slack-limit>
    <project-critical-slack-unit>d</project-critical-slack-unit>
    <units-duration>
      <default-unit>d</default-unit>
      <default-work-unit>h</default-work-unit>
      <y>6912000000</y>
      <mo>576000000</mo>
      <w>144000000</w>
      <d>28800000</d>
      <h>3600000</h>
      <m>60000</m>
    </units-duration>
    <task-name>Все проекты</task-name>
    <task-id>0</task-id>
    <expanded-gantt>true</expanded-gantt>
    <task-currency-unit>руб.</task-currency-unit>
    <task-constraint>
      <snet>18-11-2020, 08:00:00</snet>
    </task-constraint>
    <task-start-date>18-11-2020, 08:00:00</task-start-date>
    <task-end-date>18-11-2020, 16:15:00</task-end-date>
    <task-completion-date>18-11-2020, 08:24:09</task-completion-date>
    <task-duration>26100000</task-duration>
    <task-percent-complete>5.555555212620049</task-percent-complete>
    <task-work-percent-complete>5.555555555555555</task-work-percent-complete>
    <task-list>
      <task>
        <project>true</project>
        <pattern>
          <period-in-day>
            <period-type>false</period-type>
            <period-start-date>0</period-start-date>
            <period-end-date>28800000</period-end-date>
          </period-in-day>
          <period-in-day>
            <period-type>true</period-type>
            <period-start-date>28800000</period-start-date>
            <period-end-date>43200000</period-end-date>
          </period-in-day>
          <period-in-day>
            <period-type>false</period-type>
            <period-start-date>43200000</period-start-date>
            <period-end-date>86400000</period-end-date>
          </period-in-day>
        </pattern>
        <default-forced-working>false</default-forced-working>
        <default-work-driven>false</default-work-driven>
        <default-fixed-units>true</default-fixed-units>
        <task-status>In progress</task-status>
        <project-manager>Архитектор специальности</project-manager>
        <project-code>1001</project-code>
        <project-budget>0.0</project-budget>
        <project-description/>
        <project-assumptions/>
        <project-constraints/>
        <project-baseline-list/>
        <project-critical-slack-limit>1</project-critical-slack-limit>
        <project-critical-slack-unit>d</project-critical-slack-unit>
        <units-duration>
          <default-unit>d</default-unit>
          <default-work-unit>h</default-work-unit>
          <y>6912000000</y>
          <mo>576000000</mo>
          <w>144000000</w>
          <d>28800000</d>
          <h>3600000</h>
          <m>60000</m>
        </units-duration>
        <task-name>Предмет 1</task-name>
        <task-id>1</task-id>
        <expanded-gantt>true</expanded-gantt>
        <task-currency-unit>руб.</task-currency-unit>
        <task-calendar-id>1</task-calendar-id>
        <task-constraint>
          <snet>18-11-2020, 08:00:00</snet>
        </task-constraint>
        <task-start-date>18-11-2020, 08:00:00</task-start-date>
        <task-end-date>18-11-2020, 16:15:00</task-end-date>
        <task-completion-date>18-11-2020, 08:27:29</task-completion-date>
        <task-duration>29700000</task-duration>
        <task-percent-complete>5.555555212620049</task-percent-complete>
        <task-work-percent-complete>5.555555555555555</task-work-percent-complete>
        <task-list>
          <task>
            <task-name>Квалификации </task-name>
            <task-id>2</task-id>
            <expanded-gantt>true</expanded-gantt>
            <task-start-date>18-11-2020, 11:45:00</task-start-date>
            <task-end-date>18-11-2020, 16:15:00</task-end-date>
            <task-completion-date>18-11-2020, 11:45:00</task-completion-date>
            <task-duration>16200000</task-duration>
            <task-list>
              <task>
                <task-name>Квалификация 1</task-name>
                <task-id>3</task-id>
                <task-start-date>18-11-2020, 11:45:00</task-start-date>
                <task-end-date>18-11-2020, 11:45:00</task-end-date>
                <task-completion-date>18-11-2020, 11:45:00</task-completion-date>
                <task-duration>0</task-duration>
                <field-list>
                  <field>
                    <field-no>0</field-no>
                    <field-value>Навык</field-value>
                  </field>
                </field-list>
              </task>
              <task>
                <task-name>Квалификация 2</task-name>
                <task-id>4</task-id>
                <task-start-date>18-11-2020, 15:30:00</task-start-date>
                <task-end-date>18-11-2020, 15:30:00</task-end-date>
                <task-completion-date>18-11-2020, 15:30:00</task-completion-date>
                <task-duration>0</task-duration>
                <field-list>
                  <field>
                    <field-no>0</field-no>
                    <field-value>Навык</field-value>
                  </field>
                </field-list>
              </task>
              <task>
                <task-name>Проект 1</task-name>
                <task-id>5</task-id>
                <task-start-date>18-11-2020, 16:15:00</task-start-date>
                <task-end-date>18-11-2020, 16:15:00</task-end-date>
                <task-completion-date>18-11-2020, 16:15:00</task-completion-date>
                <task-duration>0</task-duration>
                <field-list>
                  <field>
                    <field-no>0</field-no>
                    <field-value>Продукт</field-value>
                  </field>
                </field-list>
              </task>
            </task-list>
          </task>
          <task>
            <task-name>Тема 1</task-name>
            <task-id>6</task-id>
            <expanded-gantt>true</expanded-gantt>
            <task-unit>m</task-unit>
            <task-start-date>18-11-2020, 08:00:00</task-start-date>
            <task-end-date>18-11-2020, 11:45:00</task-end-date>
            <task-completion-date>18-11-2020, 08:37:30</task-completion-date>
            <task-duration>13500000</task-duration>
            <task-percent-complete>16.666666666666668</task-percent-complete>
            <task-work-percent-complete>16.666666666666668</task-work-percent-complete>
            <task-list>
              <task>
                <task-name>Лекция 1</task-name>
                <task-id>7</task-id>
                <task-unit>m</task-unit>
                <task-work-unit>m</task-work-unit>
                <task-start-date>18-11-2020, 08:00:00</task-start-date>
                <task-end-date>18-11-2020, 08:45:00</task-end-date>
                <task-completion-date>18-11-2020, 08:45:00</task-completion-date>
                <task-duration>2700000</task-duration>
                <task-percent-complete>100.0</task-percent-complete>
                <task-work-percent-complete>100.0</task-work-percent-complete>
                <task-work-duration>2700000</task-work-duration>
                <task-notes>&lt;p&gt;
      &amp;#1047;&amp;#1072;&amp;#1084;&amp;#1077;&amp;#1090;&amp;#1082;&amp;#1080; &amp;#1082; &amp;#1083;&amp;#1077;&amp;#1082;&amp;#1094;&amp;#1080;&amp;#1080; 1
    &lt;/p></task-notes>
                <field-list>
                  <field>
                    <field-no>0</field-no>
                    <field-value>Теория</field-value>
                  </field>
                  <field>
                    <field-no>1</field-no>
                    <field-value>Интерактив</field-value>
                  </field>
                  <field>
                    <field-no>2</field-no>
                    <field-value>Online</field-value>
                  </field>
                </field-list>
              </task>
              <task>
                <task-name>Лекция 2</task-name>
                <task-id>8</task-id>
                <task-unit>m</task-unit>
                <task-work-unit>m</task-work-unit>
                <task-start-date>18-11-2020, 08:45:00</task-start-date>
                <task-end-date>18-11-2020, 09:30:00</task-end-date>
                <task-completion-date>18-11-2020, 08:45:00</task-completion-date>
                <task-duration>2700000</task-duration>
                <task-work-duration>2700000</task-work-duration>
                <task-notes>&lt;p&gt;
      &amp;#1047;&amp;#1072;&amp;#1084;&amp;#1077;&amp;#1090;&amp;#1082;&amp;#1080; &amp;#1082; &amp;#1083;&amp;#1077;&amp;#1082;&amp;#1094;&amp;#1080;&amp;#1080; 2
    &lt;/p&gt;</task-notes>
                <field-list>
                  <field>
                    <field-no>0</field-no>
                    <field-value>Теория</field-value>
                  </field>
                </field-list>
              </task>
              <task>
                <task-name>Тренинг 1</task-name>
                <task-id>9</task-id>
                <task-unit>m</task-unit>
                <task-work-unit>m</task-work-unit>
                <task-start-date>18-11-2020, 08:45:00</task-start-date>
                <task-end-date>18-11-2020, 11:45:00</task-end-date>
                <task-completion-date>18-11-2020, 08:45:00</task-completion-date>
                <task-duration>10800000</task-duration>
                <task-work-duration>10800000</task-work-duration>
                <task-notes>&lt;p&gt;
      &amp;#1055;&amp;#1083;&amp;#1072;&amp;#1085; &amp;#1087;&amp;#1088;&amp;#1072;&amp;#1082;&amp;#1090;&amp;#1080;&amp;#1082;&amp;#1080; 1
    &lt;/p&gt;</task-notes>
                <field-list>
                  <field>
                    <field-no>0</field-no>
                    <field-value>Практика</field-value>
                  </field>
                  <field>
                    <field-no>1</field-no>
                    <field-value>Самостоятельное</field-value>
                  </field>
                </field-list>
              </task>
            </task-list>
          </task>
          <task>
            <task-name>Тема 2</task-name>
            <task-id>10</task-id>
            <expanded-gantt>true</expanded-gantt>
            <task-unit>m</task-unit>
            <task-start-date>18-11-2020, 11:45:00</task-start-date>
            <task-end-date>18-11-2020, 15:30:00</task-end-date>
            <task-completion-date>18-11-2020, 11:45:00</task-completion-date>
            <task-duration>13500000</task-duration>
            <task-list>
              <task>
                <task-name>Лекция 1</task-name>
                <task-id>11</task-id>
                <task-unit>m</task-unit>
                <task-work-unit>m</task-work-unit>
                <task-start-date>18-11-2020, 11:45:00</task-start-date>
                <task-end-date>18-11-2020, 12:30:00</task-end-date>
                <task-completion-date>18-11-2020, 11:45:00</task-completion-date>
                <task-duration>2700000</task-duration>
                <task-work-duration>2700000</task-work-duration>
                <task-notes>&lt;p&gt;
      &amp;#1047;&amp;#1072;&amp;#1084;&amp;#1077;&amp;#1090;&amp;#1082;&amp;#1080; &amp;#1082; &amp;#1083;&amp;#1077;&amp;#1082;&amp;#1094;&amp;#1080;&amp;#1080; 1
    &lt;/p&gt;</task-notes>
                <field-list>
                  <field>
                    <field-no>0</field-no>
                    <field-value>Теория</field-value>
                  </field>
                </field-list>
              </task>
              <task>
                <task-name>Лекция 2</task-name>
                <task-id>12</task-id>
                <task-unit>m</task-unit>
                <task-work-unit>m</task-work-unit>
                <task-start-date>18-11-2020, 12:30:00</task-start-date>
                <task-end-date>18-11-2020, 13:15:00</task-end-date>
                <task-completion-date>18-11-2020, 12:30:00</task-completion-date>
                <task-duration>2700000</task-duration>
                <task-work-duration>2700000</task-work-duration>
                <task-notes>&lt;p&gt;
      &amp;#1047;&amp;#1072;&amp;#1084;&amp;#1077;&amp;#1090;&amp;#1082;&amp;#1080; &amp;#1082; &amp;#1083;&amp;#1077;&amp;#1082;&amp;#1094;&amp;#1080;&amp;#1080; 2
    &lt;/p&gt;</task-notes>
                <field-list>
                  <field>
                    <field-no>0</field-no>
                    <field-value>Теория</field-value>
                  </field>
                  <field>
                    <field-no>1</field-no>
                    <field-value>Самостоятельное</field-value>
                  </field>
                  <field>
                    <field-no>2</field-no>
                    <field-value>Online</field-value>
                  </field>
                </field-list>
              </task>
              <task>
                <task-name>Проект1</task-name>
                <task-id>13</task-id>
                <task-unit>m</task-unit>
                <task-work-unit>m</task-work-unit>
                <task-start-date>18-11-2020, 12:30:00</task-start-date>
                <task-end-date>18-11-2020, 15:30:00</task-end-date>
                <task-completion-date>18-11-2020, 12:30:00</task-completion-date>
                <task-duration>10800000</task-duration>
                <task-work-duration>10800000</task-work-duration>
                <task-notes>&lt;p&gt;
      &amp;#1055;&amp;#1083;&amp;#1072;&amp;#1085; &amp;#1087;&amp;#1088;&amp;#1072;&amp;#1082;&amp;#1090;&amp;#1080;&amp;#1082;&amp;#1080; 1
    &lt;/p&gt;</task-notes>
                <field-list>
                  <field>
                    <field-no>0</field-no>
                    <field-value>Практика</field-value>
                  </field>
                  <field>
                    <field-no>1</field-no>
                    <field-value>Самостоятельное</field-value>
                  </field>
                </field-list>
              </task>
            </task-list>
          </task>
          <task>
            <task-name>Тема 2</task-name>
            <task-id>14</task-id>
            <expanded-gantt>true</expanded-gantt>
            <task-unit>m</task-unit>
            <task-start-date>18-11-2020, 08:00:00</task-start-date>
            <task-end-date>18-11-2020, 16:15:00</task-end-date>
            <task-completion-date>18-11-2020, 08:00:00</task-completion-date>
            <task-duration>29700000</task-duration>
            <task-list>
              <task>
                <task-name>Лекция 1</task-name>
                <task-id>15</task-id>
                <task-unit>m</task-unit>
                <task-work-unit>m</task-work-unit>
                <task-start-date>18-11-2020, 08:00:00</task-start-date>
                <task-end-date>18-11-2020, 08:45:00</task-end-date>
                <task-completion-date>18-11-2020, 08:00:00</task-completion-date>
                <task-duration>2700000</task-duration>
                <task-work-duration>2700000</task-work-duration>
                <task-notes>&lt;p&gt;
      &amp;#1047;&amp;#1072;&amp;#1084;&amp;#1077;&amp;#1090;&amp;#1082;&amp;#1080; &amp;#1082; &amp;#1083;&amp;#1077;&amp;#1082;&amp;#1094;&amp;#1080;&amp;#1080; 1
    &lt;/p&gt;</task-notes>
                <field-list>
                  <field>
                    <field-no>0</field-no>
                    <field-value>Теория</field-value>
                  </field>
                  <field>
                    <field-no>1</field-no>
                    <field-value>Интеракив</field-value>
                  </field>
                  <field>
                    <field-no>2</field-no>
                    <field-value>Offline</field-value>
                  </field>
                </field-list>
              </task>
              <task>
                <task-name>Лекция 2</task-name>
                <task-id>16</task-id>
                <task-unit>m</task-unit>
                <task-work-unit>m</task-work-unit>
                <task-start-date>18-11-2020, 09:30:00</task-start-date>
                <task-end-date>18-11-2020, 10:15:00</task-end-date>
                <task-completion-date>18-11-2020, 09:30:00</task-completion-date>
                <task-duration>2700000</task-duration>
                <task-work-duration>2700000</task-work-duration>
                <task-notes>&lt;p&gt;
      &amp;#1047;&amp;#1072;&amp;#1084;&amp;#1077;&amp;#1090;&amp;#1082;&amp;#1080; &amp;#1082; &amp;#1083;&amp;#1077;&amp;#1082;&amp;#1094;&amp;#1080;&amp;#1080; 2
    &lt;/p&gt;</task-notes>
                <field-list>
                  <field>
                    <field-no>0</field-no>
                    <field-value>Теория</field-value>
                  </field>
                </field-list>
              </task>
              <task>
                <task-name>Проект 2</task-name>
                <task-id>17</task-id>
                <task-unit>m</task-unit>
                <task-work-unit>m</task-work-unit>
                <task-start-date>18-11-2020, 13:15:00</task-start-date>
                <task-end-date>18-11-2020, 16:15:00</task-end-date>
                <task-completion-date>18-11-2020, 13:15:00</task-completion-date>
                <task-duration>10800000</task-duration>
                <task-work-duration>10800000</task-work-duration>
                <task-notes>&lt;p&gt;
      &amp;#1055;&amp;#1083;&amp;#1072;&amp;#1085; &amp;#1087;&amp;#1088;&amp;#1072;&amp;#1082;&amp;#1090;&amp;#1080;&amp;#1082;&amp;#1080; 1
    &lt;/p&gt;</task-notes>
                <field-list>
                  <field>
                    <field-no>0</field-no>
                    <field-value>Практика</field-value>
                  </field>
                  <field>
                    <field-no>1</field-no>
                    <field-value>Самостоятельное</field-value>
                  </field>
                </field-list>
              </task>
            </task-list>
          </task>
        </task-list>
      </task>
    </task-list>
  </task>

  <company-current-project>1</company-current-project>
  <task-dependency-list>
    <task-dependency>
      <task-predecessor-id>9</task-predecessor-id>
      <task-successor-id>3</task-successor-id>
    </task-dependency>
    <task-dependency>
      <task-predecessor-id>3</task-predecessor-id>
      <task-successor-id>4</task-successor-id>
    </task-dependency>
    <task-dependency>
      <task-predecessor-id>13</task-predecessor-id>
      <task-successor-id>4</task-successor-id>
    </task-dependency>
    <task-dependency>
      <task-predecessor-id>4</task-predecessor-id>
      <task-successor-id>5</task-successor-id>
    </task-dependency>
    <task-dependency>
      <task-predecessor-id>17</task-predecessor-id>
      <task-successor-id>5</task-successor-id>
    </task-dependency>
    <task-dependency>
      <task-predecessor-id>7</task-predecessor-id>
      <task-successor-id>8</task-successor-id>
    </task-dependency>
    <task-dependency>
      <task-predecessor-id>7</task-predecessor-id>
      <task-successor-id>9</task-successor-id>
    </task-dependency>
    <task-dependency>
      <task-predecessor-id>6</task-predecessor-id>
      <task-successor-id>10</task-successor-id>
    </task-dependency>
    <task-dependency>
      <task-predecessor-id>11</task-predecessor-id>
      <task-successor-id>12</task-successor-id>
    </task-dependency>
    <task-dependency>
      <task-predecessor-id>11</task-predecessor-id>
      <task-successor-id>13</task-successor-id>
    </task-dependency>
    <task-dependency>
      <task-predecessor-id>15</task-predecessor-id>
      <task-successor-id>16</task-successor-id>
    </task-dependency>
    <task-dependency>
      <task-predecessor-id>8</task-predecessor-id>
      <task-successor-id>16</task-successor-id>
    </task-dependency>
    <task-dependency>
      <task-predecessor-id>15</task-predecessor-id>
      <task-successor-id>17</task-successor-id>
    </task-dependency>
    <task-dependency>
      <task-predecessor-id>12</task-predecessor-id>
      <task-successor-id>17</task-successor-id>
    </task-dependency>
  </task-dependency-list>
  <conflict-list/>
  <assignment-list/>
</company>
